D:\PROJECT\HKVSTEST\HKVSCAP1\DEBUG\HKVSCAP1.EXE
D:\PROJECT\HKVSTEST\HKVSCAP1\DEBUG\HKVSCAP1.ILK
D:\PROJECT\HKVSTEST\HKVSCAP1\DEBUG\HKVSCAP1.PDB
D:\project\hkvstest\hkvscap1\hkvscap1\Debug\cl.command.1.tlog
D:\project\hkvstest\hkvscap1\hkvscap1\Debug\CL.read.1.tlog
D:\project\hkvstest\hkvscap1\hkvscap1\Debug\CL.write.1.tlog
D:\PROJECT\HKVSTEST\HKVSCAP1\HKVSCAP1\DEBUG\CVVIMAGE.OBJ
D:\PROJECT\HKVSTEST\HKVSCAP1\HKVSCAP1\DEBUG\HKVSCAP1.EXE.EMBED.MANIFEST
D:\PROJECT\HKVSTEST\HKVSCAP1\HKVSCAP1\DEBUG\HKVSCAP1.EXE.EMBED.MANIFEST.RES
D:\PROJECT\HKVSTEST\HKVSCAP1\HKVSCAP1\DEBUG\HKVSCAP1.EXE.INTERMEDIATE.MANIFEST
D:\PROJECT\HKVSTEST\HKVSCAP1\HKVSCAP1\DEBUG\HKVSCAP1.OBJ
D:\PROJECT\HKVSTEST\HKVSCAP1\HKVSCAP1\DEBUG\HKVSCAP1.PCH
D:\PROJECT\HKVSTEST\HKVSCAP1\HKVSCAP1\DEBUG\HKVSCAP1.RES
D:\project\hkvstest\hkvscap1\hkvscap1\Debug\hkvscap1.vcxprojResolveAssemblyReference.cache
D:\project\hkvstest\hkvscap1\hkvscap1\Debug\hkvscap1.write.1.tlog
D:\project\hkvstest\hkvscap1\hkvscap1\Debug\hkvscap1_manifest.rc
D:\PROJECT\HKVSTEST\HKVSCAP1\HKVSCAP1\DEBUG\HKVSCAP1DLG.OBJ
D:\PROJECT\HKVSTEST\HKVSCAP1\HKVSCAP1\DEBUG\JMPFRAME.OBJ
D:\project\hkvstest\hkvscap1\hkvscap1\Debug\link.10244.read.1.tlog
D:\project\hkvstest\hkvscap1\hkvscap1\Debug\link.10244.write.1.tlog
D:\project\hkvstest\hkvscap1\hkvscap1\Debug\link.10244-cvtres.read.1.tlog
D:\project\hkvstest\hkvscap1\hkvscap1\Debug\link.10244-cvtres.write.1.tlog
D:\project\hkvstest\hkvscap1\hkvscap1\Debug\link.10296.read.1.tlog
D:\project\hkvstest\hkvscap1\hkvscap1\Debug\link.10296.write.1.tlog
D:\project\hkvstest\hkvscap1\hkvscap1\Debug\link.10296-cvtres.read.1.tlog
D:\project\hkvstest\hkvscap1\hkvscap1\Debug\link.10296-cvtres.write.1.tlog
D:\project\hkvstest\hkvscap1\hkvscap1\Debug\link.10332.read.1.tlog
D:\project\hkvstest\hkvscap1\hkvscap1\Debug\link.10332.write.1.tlog
D:\project\hkvstest\hkvscap1\hkvscap1\Debug\link.10332-cvtres.read.1.tlog
D:\project\hkvstest\hkvscap1\hkvscap1\Debug\link.10332-cvtres.write.1.tlog
D:\project\hkvstest\hkvscap1\hkvscap1\Debug\link.10820.read.1.tlog
D:\project\hkvstest\hkvscap1\hkvscap1\Debug\link.10820.write.1.tlog
D:\project\hkvstest\hkvscap1\hkvscap1\Debug\link.10820-cvtres.read.1.tlog
D:\project\hkvstest\hkvscap1\hkvscap1\Debug\link.10820-cvtres.write.1.tlog
D:\project\hkvstest\hkvscap1\hkvscap1\Debug\link.11468.read.1.tlog
D:\project\hkvstest\hkvscap1\hkvscap1\Debug\link.11468.write.1.tlog
D:\project\hkvstest\hkvscap1\hkvscap1\Debug\link.11468-cvtres.read.1.tlog
D:\project\hkvstest\hkvscap1\hkvscap1\Debug\link.11468-cvtres.write.1.tlog
D:\project\hkvstest\hkvscap1\hkvscap1\Debug\link.16780.read.1.tlog
D:\project\hkvstest\hkvscap1\hkvscap1\Debug\link.16780.write.1.tlog
D:\project\hkvstest\hkvscap1\hkvscap1\Debug\link.16780-cvtres.read.1.tlog
D:\project\hkvstest\hkvscap1\hkvscap1\Debug\link.16780-cvtres.write.1.tlog
D:\project\hkvstest\hkvscap1\hkvscap1\Debug\link.17312.read.1.tlog
D:\project\hkvstest\hkvscap1\hkvscap1\Debug\link.17312.write.1.tlog
D:\project\hkvstest\hkvscap1\hkvscap1\Debug\link.17312-cvtres.read.1.tlog
D:\project\hkvstest\hkvscap1\hkvscap1\Debug\link.17312-cvtres.write.1.tlog
D:\project\hkvstest\hkvscap1\hkvscap1\Debug\link.1788.read.1.tlog
D:\project\hkvstest\hkvscap1\hkvscap1\Debug\link.1788.write.1.tlog
D:\project\hkvstest\hkvscap1\hkvscap1\Debug\link.1788-cvtres.read.1.tlog
D:\project\hkvstest\hkvscap1\hkvscap1\Debug\link.1788-cvtres.write.1.tlog
D:\project\hkvstest\hkvscap1\hkvscap1\Debug\link.21724.read.1.tlog
D:\project\hkvstest\hkvscap1\hkvscap1\Debug\link.21724.write.1.tlog
D:\project\hkvstest\hkvscap1\hkvscap1\Debug\link.21724-cvtres.read.1.tlog
D:\project\hkvstest\hkvscap1\hkvscap1\Debug\link.21724-cvtres.write.1.tlog
D:\project\hkvstest\hkvscap1\hkvscap1\Debug\link.command.1.tlog
D:\project\hkvstest\hkvscap1\hkvscap1\Debug\link.read.1.tlog
D:\project\hkvstest\hkvscap1\hkvscap1\Debug\link.write.1.tlog
D:\project\hkvstest\hkvscap1\hkvscap1\Debug\link-cvtres.read.1.tlog
D:\project\hkvstest\hkvscap1\hkvscap1\Debug\link-cvtres.write.1.tlog
D:\project\hkvstest\hkvscap1\hkvscap1\Debug\mt.command.1.tlog
D:\project\hkvstest\hkvscap1\hkvscap1\Debug\mt.read.1.tlog
D:\project\hkvstest\hkvscap1\hkvscap1\Debug\mt.write.1.tlog
D:\PROJECT\HKVSTEST\HKVSCAP1\HKVSCAP1\DEBUG\MYGMM.OBJ
D:\PROJECT\HKVSTEST\HKVSCAP1\HKVSCAP1\DEBUG\PTZ.OBJ
D:\project\hkvstest\hkvscap1\hkvscap1\Debug\rc.command.1.tlog
D:\project\hkvstest\hkvscap1\hkvscap1\Debug\rc.read.1.tlog
D:\project\hkvstest\hkvscap1\hkvscap1\Debug\rc.write.1.tlog
D:\PROJECT\HKVSTEST\HKVSCAP1\HKVSCAP1\DEBUG\STDAFX.OBJ
D:\project\hkvstest\hkvscap1\hkvscap1\Debug\vc100.idb
D:\PROJECT\HKVSTEST\HKVSCAP1\HKVSCAP1\DEBUG\VC100.PDB
